C51 COMPILER V9.01   LED2                                                                  10/11/2015 10:41:25 PAGE 1   


C51 COMPILER V9.01, COMPILATION OF MODULE LED2
OBJECT MODULE PLACED IN LED2.OBJ
COMPILER INVOKED BY: C:\Keil\C51\BIN\C51.EXE LED2.c BROWSE DEBUG OBJECTEXTEND

line level    source

   1          #include<reg51.h>
   2          sbit LED=P1^0;
   3          sbit SW=P3^0;    
   4          unsigned int i;
   5          unsigned char num;
   6          /*------------------------------------------------
   7                              定时器初始化子程序
   8          ------------------------------------------------*/
   9          void Init_Timer0(void)
  10          {
  11   1       TMOD |= 0x01;    //使用模式1，16位定时器，使用"|"符号可以在使用多个定时器时不受影响                 
  12   1       TH0=(65536-500)/256;             //重新赋值 12M晶振计算，指令周期1uS，
  13   1       TL0=(65536-500)%256;   
  14   1       EA=1;            //总中断打开
  15   1       ET0=1;           //定时器中断打开
  16   1       TR0=1;           //定时器开关打开
  17   1      }
  18          /*------------------------------------------------
  19                              主程序
  20          ------------------------------------------------*/
  21          main()
  22          {
  23   1       Init_Timer0();
  24   1       SW=1;
  25   1       while(1)
  26   1       {
  27   2              if(!SW)
  28   2              {
  29   3                      num=0;
  30   3                      
  31   3              }
  32   2              else
  33   2              {
  34   3                      num=500;
  35   3              } 
  36   2              if(i==1000)
  37   2              {
  38   3                      i=num;
  39   3                      LED=~LED;
  40   3              }          
  41   2       }
  42   1               
  43   1      }
  44          
  45          /*------------------------------------------------
  46                           定时器中断子程序
  47          ------------------------------------------------*/
  48          void Timer0_isr(void) interrupt 1 using 1
  49          {
  50   1       TH0=(65536-500)/256;             //重新赋值 12M晶振计算，指令周期1uS，
  51   1       TL0=(65536-500)%256;         //半个周期500uS，即定时500次
  52   1       i++;
  53   1                  
  54   1      
  55   1      }
C51 COMPILER V9.01   LED2                                                                  10/11/2015 10:41:25 PAGE 2   

  56          
  57          


MODULE INFORMATION:   STATIC OVERLAYABLE
   CODE SIZE        =     71    ----
   CONSTANT SIZE    =   ----    ----
   XDATA SIZE       =   ----    ----
   PDATA SIZE       =   ----    ----
   DATA SIZE        =      3    ----
   IDATA SIZE       =   ----    ----
   BIT SIZE         =   ----    ----
END OF MODULE INFORMATION.


C51 COMPILATION COMPLETE.  0 WARNING(S),  0 ERROR(S)
